Build started 12/5/2014 2:59:22 PM.
     1>Project "E:\Books\SaarlandLectures\ComputerGraphics\Git_NEW\CG1-skeleton\CG1raytracer.vcxproj" on node 2 (build target(s)).
     1>InitializeBuildStatus:
         Creating "Release\CG1raytracer.unsuccessfulbuild" because "AlwaysCreate" was specified.
       ClCompile:
         e:\VisualStudio2010\VC\bin\CL.exe /c /Zi /nologo /W3 /WX- /O2 /Oi /Ot /Oy /GL /D _MBCS /Gm- /EHsc /MD /GS- /Gy /arch:SSE2 /fp:precise /fp:except- /Zc:wchar_t /Zc:forScope /GR- /openmp /Fo"Release\\" /Fd"Release\vc100.pdb" /Gd /TP /analyze- /errorReport:prompt rt\textures\imagetex.cpp
         imagetex.cpp
     1>rt\textures\imagetex.cpp(31): warning C4244: 'argument' : conversion from 'int' to 'float', possible loss of data
     1>rt\textures\imagetex.cpp(31): warning C4244: 'argument' : conversion from 'int' to 'float', possible loss of data
     1>rt\textures\imagetex.cpp(32): warning C4244: 'argument' : conversion from 'int' to 'float', possible loss of data
     1>rt\textures\imagetex.cpp(32): warning C4244: 'argument' : conversion from 'int' to 'float', possible loss of data
     1>rt\textures\imagetex.cpp(33): warning C4244: 'argument' : conversion from 'int' to 'float', possible loss of data
     1>rt\textures\imagetex.cpp(33): warning C4244: 'argument' : conversion from 'int' to 'float', possible loss of data
     1>rt\textures\imagetex.cpp(34): warning C4244: 'argument' : conversion from 'int' to 'float', possible loss of data
     1>rt\textures\imagetex.cpp(34): warning C4244: 'argument' : conversion from 'int' to 'float', possible loss of data
     1>rt\textures\imagetex.cpp(36): warning C4244: 'argument' : conversion from 'float' to 'rt::uint', possible loss of data
     1>rt\textures\imagetex.cpp(36): warning C4244: 'argument' : conversion from 'float' to 'rt::uint', possible loss of data
     1>rt\textures\imagetex.cpp(36): warning C4244: 'argument' : conversion from 'float' to 'rt::uint', possible loss of data
     1>rt\textures\imagetex.cpp(36): warning C4244: 'argument' : conversion from 'float' to 'rt::uint', possible loss of data
     1>rt\textures\imagetex.cpp(36): warning C4244: 'argument' : conversion from 'float' to 'rt::uint', possible loss of data
     1>rt\textures\imagetex.cpp(36): warning C4244: 'argument' : conversion from 'float' to 'rt::uint', possible loss of data
     1>rt\textures\imagetex.cpp(36): warning C4244: 'argument' : conversion from 'float' to 'rt::uint', possible loss of data
     1>rt\textures\imagetex.cpp(36): warning C4244: 'argument' : conversion from 'float' to 'rt::uint', possible loss of data
     1>rt\textures\imagetex.cpp(37): warning C4244: 'argument' : conversion from 'float' to 'rt::uint', possible loss of data
     1>rt\textures\imagetex.cpp(37): warning C4244: 'argument' : conversion from 'float' to 'rt::uint', possible loss of data
     1>rt\textures\imagetex.cpp(37): warning C4244: 'argument' : conversion from 'float' to 'rt::uint', possible loss of data
     1>rt\textures\imagetex.cpp(37): warning C4244: 'argument' : conversion from 'float' to 'rt::uint', possible loss of data
     1>rt\textures\imagetex.cpp(37): warning C4244: 'argument' : conversion from 'float' to 'rt::uint', possible loss of data
     1>rt\textures\imagetex.cpp(37): warning C4244: 'argument' : conversion from 'float' to 'rt::uint', possible loss of data
     1>rt\textures\imagetex.cpp(37): warning C4244: 'argument' : conversion from 'float' to 'rt::uint', possible loss of data
     1>rt\textures\imagetex.cpp(37): warning C4244: 'argument' : conversion from 'float' to 'rt::uint', possible loss of data
     1>rt\textures\imagetex.cpp(38): warning C4244: 'argument' : conversion from 'float' to 'rt::uint', possible loss of data
     1>rt\textures\imagetex.cpp(38): warning C4244: 'argument' : conversion from 'float' to 'rt::uint', possible loss of data
     1>rt\textures\imagetex.cpp(38): warning C4244: 'argument' : conversion from 'float' to 'rt::uint', possible loss of data
     1>rt\textures\imagetex.cpp(38): warning C4244: 'argument' : conversion from 'float' to 'rt::uint', possible loss of data
     1>rt\textures\imagetex.cpp(38): warning C4244: 'argument' : conversion from 'float' to 'rt::uint', possible loss of data
     1>rt\textures\imagetex.cpp(38): warning C4244: 'argument' : conversion from 'float' to 'rt::uint', possible loss of data
     1>rt\textures\imagetex.cpp(38): warning C4244: 'argument' : conversion from 'float' to 'rt::uint', possible loss of data
     1>rt\textures\imagetex.cpp(38): warning C4244: 'argument' : conversion from 'float' to 'rt::uint', possible loss of data
     1>rt\textures\imagetex.cpp(62): warning C4244: 'argument' : conversion from 'double' to 'rt::uint', possible loss of data
     1>rt\textures\imagetex.cpp(62): warning C4244: 'argument' : conversion from 'double' to 'rt::uint', possible loss of data
     1>rt\textures\imagetex.cpp(78): warning C4244: 'argument' : conversion from 'double' to 'rt::uint', possible loss of data
     1>rt\textures\imagetex.cpp(78): warning C4244: 'argument' : conversion from 'double' to 'rt::uint', possible loss of data
     1>rt\textures\imagetex.cpp(94): warning C4244: 'argument' : conversion from 'double' to 'rt::uint', possible loss of data
     1>rt\textures\imagetex.cpp(94): warning C4244: 'argument' : conversion from 'double' to 'rt::uint', possible loss of data
     1>rt\textures\imagetex.cpp(102): warning C4101: 'b_' : unreferenced local variable
     1>rt\textures\imagetex.cpp(102): warning C4101: 'r_' : unreferenced local variable
     1>rt\textures\imagetex.cpp(102): warning C4101: 'g_' : unreferenced local variable
       Link:
         e:\VisualStudio2010\VC\bin\link.exe /ERRORREPORT:PROMPT /OUT:"E:\Books\SaarlandLectures\ComputerGraphics\Git_NEW\CG1-skeleton\Release\CG1raytracer.exe" /NOLOGO gdiplus.lib kernel32.lib user32.lib gdi32.lib winspool.lib comdlg32.lib advapi32.lib shell32.lib ole32.lib oleaut32.lib uuid.lib odbc32.lib odbccp32.lib /MANIFEST /ManifestFile:"Release\CG1raytracer.exe.intermediate.manifest" /MANIFESTUAC:"level='asInvoker' uiAccess='false'" /DEBUG /PDB:"E:\Books\SaarlandLectures\ComputerGraphics\Git_NEW\CG1-skeleton\Release\CG1raytracer.pdb" /OPT:REF /OPT:ICF /LTCG /TLBID:1 /DYNAMICBASE /NXCOMPAT /IMPLIB:"E:\Books\SaarlandLectures\ComputerGraphics\Git_NEW\CG1-skeleton\Release\CG1raytracer.lib" /MACHINE:X86 Release\color.obj
         Release\float4.obj
         Release\image.obj
         Release\interpolate.obj
         Release\julia.obj
         Release\point.obj
         Release\scalar.obj
         Release\vector.obj
         Release\a_indexing.obj
         Release\a_julia.obj
         Release\a_cameras.obj
         Release\a_lighting.obj
         Release\a_mappers.obj
         Release\a_materials.obj
         Release\a_solids.obj
         Release\a_textures.obj
         Release\main.obj
         Release\bbox.obj
         Release\orthographic.obj
         Release\perspective.obj
         Release\cylindrical.obj
         Release\plane.obj
         Release\spherical.obj
         Release\tmapper.obj
         Release\world.obj
         Release\bvh.obj
         Release\simplegroup.obj
         Release\casting.obj
         Release\castingdist.obj
         Release\raytrace.obj
         Release\recraytrace.obj
         Release\intersection.obj
         Release\directional.obj
         Release\light.obj
         Release\pointlight.obj
         Release\projectivelight.obj
         Release\spotlight.obj
         Release\obj.obj
         Release\combine.obj
         Release\dummy.obj
         Release\flatmaterial.obj
         Release\lambertian.obj
         Release\mirror.obj
         Release\phong.obj
         Release\ray.obj
         Release\renderer.obj
         Release\aabox.obj
         Release\disc.obj
         Release\infiniteplane.obj
         Release\quad.obj
         Release\solid.obj
         Release\sphere.obj
         Release\triangle.obj
         Release\checkerboard.obj
         Release\constant.obj
         Release\imagetex.obj
         Release\perlin.obj
         Release\world.obj
     1>Release\world.obj : warning LNK4042: object specified more than once; extras ignored
         Generating code
     1>e:\books\saarlandlectures\computergraphics\git_new\cg1-skeleton\rt\textures\imagetex.cpp(160): warning C4715: 'rt::ImageTexture::getColor' : not all control paths return a value
         Finished generating code
         CG1raytracer.vcxproj -> E:\Books\SaarlandLectures\ComputerGraphics\Git_NEW\CG1-skeleton\Release\CG1raytracer.exe
       Manifest:
         C:\Program Files (x86)\Microsoft SDKs\Windows\v7.0A\bin\mt.exe /nologo /verbose /outputresource:"E:\Books\SaarlandLectures\ComputerGraphics\Git_NEW\CG1-skeleton\Release\CG1raytracer.exe;#1" /manifest Release\CG1raytracer.exe.intermediate.manifest
       FinalizeBuildStatus:
         Deleting file "Release\CG1raytracer.unsuccessfulbuild".
         Touching "Release\CG1raytracer.lastbuildstate".
     1>Done Building Project "E:\Books\SaarlandLectures\ComputerGraphics\Git_NEW\CG1-skeleton\CG1raytracer.vcxproj" (build target(s)).

Build succeeded.

Time Elapsed 00:00:04.29
